<?xml version="1.0" encoding="UTF-8"?>
<testsuites name="jest tests" tests="8" failures="0" time="5.757">
  <testsuite name="The API on /v1/auth/login Endpoint at POST method should..." errors="0" failures="0" skipped="0" timestamp="2020-03-20T01:54:46" time="5.3" tests="8">
    <testcase classname="The API on /v1/auth/login Endpoint at POST method should... return 200 as status code and the new token generated" name="The API on /v1/auth/login Endpoint at POST method should... return 200 as status code and the new token generated" time="0.03">
    </testcase>
    <testcase classname="The API on /v1/auth/login Endpoint at POST method should... return 401 as status code for a given user or password invalid" name="The API on /v1/auth/login Endpoint at POST method should... return 401 as status code for a given user or password invalid" time="0.003">
    </testcase>
    <testcase classname="The API on /v1/teams Endpoint at POST method should... return 201 as status code and the new record created" name="The API on /v1/teams Endpoint at POST method should... return 201 as status code and the new record created" time="0.579">
    </testcase>
    <testcase classname="The API on /v1/teams Endpoint at POST method should... return 401 as status code if a invalid token is passed on header" name="The API on /v1/teams Endpoint at POST method should... return 401 as status code if a invalid token is passed on header" time="0.51">
    </testcase>
    <testcase classname="The API on /v1/teams Endpoint at PATCH method should... return 200 as status code and the record updated" name="The API on /v1/teams Endpoint at PATCH method should... return 200 as status code and the record updated" time="0.637">
    </testcase>
    <testcase classname="The API on /v1/teams Endpoint at PATCH method should... return 401 as status code if a invalid token is passed on header" name="The API on /v1/teams Endpoint at PATCH method should... return 401 as status code if a invalid token is passed on header" time="0.568">
    </testcase>
    <testcase classname="The API on /v1/teams Endpoint at DELETE method should... return 204 as status code for a deleted team" name="The API on /v1/teams Endpoint at DELETE method should... return 204 as status code for a deleted team" time="0.824">
    </testcase>
    <testcase classname="The API on /v1/teams Endpoint at DELETE method should... return 401 as status code if a invalid token is passed on header" name="The API on /v1/teams Endpoint at DELETE method should... return 401 as status code if a invalid token is passed on header" time="0.557">
    </testcase>
  </testsuite>
</testsuites>