<?xml version="1.0" encoding="UTF-8"?>
<testsuites name="jest tests" tests="5" failures="0" time="4.852">
  <testsuite name="GET /v1/students should" errors="0" failures="0" skipped="0" timestamp="2020-03-10T13:30:59" time="4.427" tests="5">
    <testcase classname="GET /v1/students should return all students" name="GET /v1/students should return all students" time="0.492">
    </testcase>
    <testcase classname="GET /v1/students/:id should return student based on id" name="GET /v1/students/:id should return student based on id" time="0.476">
    </testcase>
    <testcase classname="POST /v1/students should create a new occurence" name="POST /v1/students should create a new occurence" time="0.89">
    </testcase>
    <testcase classname="PATCH /v1/students/:id should update occurrence based on id" name="PATCH /v1/students/:id should update occurrence based on id" time="0.536">
    </testcase>
    <testcase classname="DELETE /v1/students/:id should delete occurrence based on id" name="DELETE /v1/students/:id should delete occurrence based on id" time="0.6">
    </testcase>
  </testsuite>
</testsuites>